Entregador/build/app/intermediates/manifest_merge_blame_file/debug/processDebugMainManifest/manifest-merger-blame-debug-report.txt
1<?xml version="1.0" encoding="utf-8"?>
2<manifest xmlns:android="http://schemas.android.com/apk/res/android"
3    package="fox.Delivery.app"
4    android:versionCode="1"
5    android:versionName="1.0.0" >
6
7    <uses-sdk
8        android:minSdkVersion="24"
9        android:targetSdkVersion="36" />
10    <!--
11         Flutter needs it to communicate with the running application
12         to allow setting breakpoints, to provide hot reload, etc.
13    -->
14    <uses-permission android:name="android.permission.INTERNET" />
14-->src\main\AndroidManifest.xml:9:5-66
14-->src\main\AndroidManifest.xml:9:22-64
15    <uses-permission android:name="android.permission.ACCESS_FINE_LOCATION" />
15-->src\main\AndroidManifest.xml:10:5-79
15-->src\main\AndroidManifest.xml:10:22-76
16    <uses-permission android:name="android.permission.ACCESS_COARSE_LOCATION" />
16-->src\main\AndroidManifest.xml:11:5-81
16-->src\main\AndroidManifest.xml:11:22-78
17    <uses-permission android:name="android.permission.POST_NOTIFICATIONS" />
17-->src\main\AndroidManifest.xml:12:5-77
17-->src\main\AndroidManifest.xml:12:22-74
18    <uses-permission android:name="android.permission.FOREGROUND_SERVICE" />
18-->src\main\AndroidManifest.xml:13:5-77
18-->src\main\AndroidManifest.xml:13:22-74
19    <uses-permission android:name="android.permission.ACCESS_BACKGROUND_LOCATION" />
19-->src\main\AndroidManifest.xml:14:5-84
19-->src\main\AndroidManifest.xml:14:22-82
20    <uses-permission android:name="android.permission.SYSTEM_ALERT_WINDOW" />
20-->src\main\AndroidManifest.xml:15:5-78
20-->src\main\AndroidManifest.xml:15:22-75
21    <uses-permission android:name="android.permission.WAKE_LOCK" />
21-->src\main\AndroidManifest.xml:16:5-68
21-->src\main\AndroidManifest.xml:16:22-65
22    <uses-permission android:name="android.permission.USE_FULL_SCREEN_INTENT" />
22-->src\main\AndroidManifest.xml:17:5-81
22-->src\main\AndroidManifest.xml:17:22-78
23    <uses-permission android:name="android.permission.REQUEST_IGNORE_BATTERY_OPTIMIZATIONS" /> <!-- foregroundServiceType: dataSync -->
23-->src\main\AndroidManifest.xml:19:5-94
23-->src\main\AndroidManifest.xml:19:22-92
24    <uses-permission android:name="android.permission.FOREGROUND_SERVICE_DATA_SYNC" />
24-->src\main\AndroidManifest.xml:22:5-87
24-->src\main\AndroidManifest.xml:22:22-84
25    <uses-permission android:name="android.permission.FOREGROUND_SERVICE_MEDIA_PLAYBACK" /> <!-- foregroundServiceType: remoteMessaging -->
25-->src\main\AndroidManifest.xml:23:5-92
25-->src\main\AndroidManifest.xml:23:22-89
26    <uses-permission android:name="android.permission.FOREGROUND_SERVICE_REMOTE_MESSAGING" />
26-->src\main\AndroidManifest.xml:26:5-94
26-->src\main\AndroidManifest.xml:26:22-91
27
28    <queries>
28-->src\main\AndroidManifest.xml:28:5-41:15
29        <intent>
29-->src\main\AndroidManifest.xml:29:9-32:18
30            <action android:name="android.intent.action.VIEW" />
30-->src\main\AndroidManifest.xml:30:13-65
30-->src\main\AndroidManifest.xml:30:21-62
31
32            <data android:scheme="https" />
32-->src\main\AndroidManifest.xml:31:13-44
32-->src\main\AndroidManifest.xml:31:19-41
33        </intent>
34        <intent>
34-->src\main\AndroidManifest.xml:33:9-36:18
35            <action android:name="android.intent.action.DIAL" />
35-->src\main\AndroidManifest.xml:34:13-65
35-->src\main\AndroidManifest.xml:34:21-62
36
37            <data android:scheme="tel" />
37-->src\main\AndroidManifest.xml:31:13-44
37-->src\main\AndroidManifest.xml:31:19-41
38        </intent>
39        <intent>
39-->src\main\AndroidManifest.xml:37:9-40:18
40            <action android:name="android.intent.action.SEND" />
40-->src\main\AndroidManifest.xml:38:13-65
40-->src\main\AndroidManifest.xml:38:21-62
41
42            <data android:mimeType="*/*" />
42-->src\main\AndroidManifest.xml:31:13-44
43        </intent>
44        <intent>
44-->[:file_picker] AndroidManifest.xml:8:9-12:18
45            <action android:name="android.intent.action.GET_CONTENT" />
45-->[:file_picker] AndroidManifest.xml:9:13-72
45-->[:file_picker] AndroidManifest.xml:9:21-69
46
47            <data android:mimeType="*/*" />
47-->src\main\AndroidManifest.xml:31:13-44
48        </intent>
49        <intent>
49-->[:flutter_inappwebview_android] AndroidManifest.xml:8:9-10:18
50            <action android:name="android.support.customtabs.action.CustomTabsService" />
50-->[:flutter_inappwebview_android] AndroidManifest.xml:9:13-90
50-->[:flutter_inappwebview_android] AndroidManifest.xml:9:21-87
51        </intent> <!-- Needs to be explicitly declared on Android R+ -->
52        <package android:name="com.google.android.apps.maps" />
52-->[com.google.android.gms:play-services-maps:20.0.0] AndroidManifest.xml:29:7-61
52-->[com.google.android.gms:play-services-maps:20.0.0] AndroidManifest.xml:29:16-59
53    </queries>
54
55    <uses-permission android:name="android.permission.RECEIVE_BOOT_COMPLETED" />
55-->[:flutter_foreground_task] AndroidManifest.xml:9:5-81
55-->[:flutter_foreground_task] AndroidManifest.xml:9:22-78
56    <uses-permission android:name="android.permission.VIBRATE" />
56-->[:flutter_local_notifications] AndroidManifest.xml:7:5-66
56-->[:flutter_local_notifications] AndroidManifest.xml:7:22-63
57    <uses-permission android:name="android.permission.ACCESS_NETWORK_STATE" />
57-->[:connectivity_plus] AndroidManifest.xml:7:5-79
57-->[:connectivity_plus] AndroidManifest.xml:7:22-76
58
59    <uses-feature
59-->[com.google.android.gms:play-services-maps:20.0.0] AndroidManifest.xml:22:5-24:33
60        android:glEsVersion="0x00020000"
60-->[com.google.android.gms:play-services-maps:20.0.0] AndroidManifest.xml:23:8-40
61        android:required="true" /> <!-- Required by older versions of Google Play services to create IID tokens -->
61-->[com.google.android.gms:play-services-maps:20.0.0] AndroidManifest.xml:24:8-31
62    <uses-permission android:name="com.google.android.c2dm.permission.RECEIVE" />
62-->[com.google.firebase:firebase-messaging:25.0.1] AndroidManifest.xml:26:5-82
62-->[com.google.firebase:firebase-messaging:25.0.1] AndroidManifest.xml:26:22-79
63    <uses-permission android:name="com.google.android.providers.gsf.permission.READ_GSERVICES" />
63-->[com.google.android.recaptcha:recaptcha:18.6.1] AndroidManifest.xml:9:5-98
63-->[com.google.android.recaptcha:recaptcha:18.6.1] AndroidManifest.xml:9:22-95
64
65    <permission
65-->[androidx.core:core:1.17.0] AndroidManifest.xml:22:5-24:47
66        android:name="fox.Delivery.app.DYNAMIC_RECEIVER_NOT_EXPORTED_PERMISSION"
66-->[androidx.core:core:1.17.0] AndroidManifest.xml:23:9-81
67        android:protectionLevel="signature" />
67-->[androidx.core:core:1.17.0] AndroidManifest.xml:24:9-44
68
69    <uses-permission android:name="fox.Delivery.app.DYNAMIC_RECEIVER_NOT_EXPORTED_PERMISSION" />
69-->[androidx.core:core:1.17.0] AndroidManifest.xml:26:5-97
69-->[androidx.core:core:1.17.0] AndroidManifest.xml:26:22-94
70
71    <application
72        android:name="android.app.Application"
73        android:appComponentFactory="androidx.core.app.CoreComponentFactory"
73-->[androidx.core:core:1.17.0] AndroidManifest.xml:28:18-86
74        android:debuggable="true"
75        android:extractNativeLibs="true"
76        android:icon="@mipmap/ic_launcher"
77        android:label="Fox Delivery"
78        android:requestLegacyExternalStorage="true"
79        android:roundIcon="@mipmap/ic_launcher"
80        android:usesCleartextTraffic="true" >
81        <meta-data
82            android:name="com.google.android.geo.API_KEY"
83            android:value="AIzaSyDO64AHR6gdyDKTlMjXl7zAYnKC1ruw6zg" />
84
85        <activity
86            android:name="fox.Delivery.app.FullScreenOrderActivity"
87            android:excludeFromRecents="true"
88            android:exported="false"
89            android:launchMode="singleTop"
90            android:showWhenLocked="true"
91            android:theme="@style/NormalTheme"
92            android:turnScreenOn="true" />
93        <activity
94            android:name="fox.Delivery.app.IncomingOrderActivity"
95            android:excludeFromRecents="true"
96            android:exported="false"
97            android:launchMode="singleTop"
98            android:showWhenLocked="true"
99            android:theme="@style/NormalTheme"
100            android:turnScreenOn="true" />
101        <activity
102            android:name="fox.Delivery.app.MainActivity"
103            android:configChanges="orientation|keyboardHidden|keyboard|screenSize|smallestScreenSize|locale|layoutDirection|fontScale|screenLayout|density|uiMode"
104            android:exported="true"
105            android:hardwareAccelerated="true"
106            android:launchMode="singleTop"
107            android:theme="@style/LaunchTheme"
108            android:windowSoftInputMode="adjustResize" >
109
110            <!--
111                 Specifies an Android theme to apply to this Activity as soon as
112                 the Android process has started. This theme is visible to the user
113                 while the Flutter UI initializes. After that, this theme continues
114                 to determine the Window background behind the Flutter UI.
115            -->
116            <meta-data
117                android:name="io.flutter.embedding.android.NormalTheme"
118                android:resource="@style/NormalTheme" />
119            <!--
120                 Displays an Android View that continues showing the launch screen
121                 Drawable until Flutter paints its first frame, then this splash
122                 screen fades out. A splash screen is useful to avoid any visual
123                 gap between the end of Android's launch screen and the painting of
124                 Flutter's first frame.
125            -->
126            <meta-data
127                android:name="io.flutter.embedding.android.SplashScreenDrawable"
128                android:resource="@drawable/launch_background" />
129            <meta-data
130                android:name="com.google.firebase.messaging.default_notification_channel_id"
131                android:value="fox_delivery_driver" />
132
133            <intent-filter>
134                <action android:name="android.intent.action.MAIN" />
135
136                <category android:name="android.intent.category.LAUNCHER" />
137            </intent-filter>
138            <intent-filter>
139                <action android:name="FLUTTER_NOTIFICATION_CLICK" />
140
141                <category android:name="android.intent.category.DEFAULT" />
141-->[com.google.firebase:firebase-auth:24.0.1] AndroidManifest.xml:38:17-76
141-->[com.google.firebase:firebase-auth:24.0.1] AndroidManifest.xml:38:27-73
142            </intent-filter>
143        </activity>
144        <!--
145             Don't delete the meta-data below.
146             This is used by the Flutter tool to generate GeneratedPluginRegistrant.java
147        -->
148        <service
149            android:name="com.pravera.flutter_foreground_task.service.ForegroundService"
150            android:exported="false"
151            android:foregroundServiceType="dataSync|remoteMessaging" />
152        <service
153            android:name="fox.Delivery.app.FoxFirebaseMessagingService"
154            android:exported="false" >
155            <intent-filter>
155-->[:firebase_messaging] AndroidManifest.xml:21:13-23:29
156                <action android:name="com.google.firebase.MESSAGING_EVENT" />
156-->[:firebase_messaging] AndroidManifest.xml:22:17-78
156-->[:firebase_messaging] AndroidManifest.xml:22:25-75
157            </intent-filter>
158        </service>
159        <service
160            android:name="fox.Delivery.app.OverlayService"
161            android:exported="false"
162            android:foregroundServiceType="dataSync|mediaPlayback" />
163
164        <meta-data
165            android:name="flutterEmbedding"
166            android:value="2" />
167
168        <receiver
168-->[:flutter_foreground_task] AndroidManifest.xml:13:9-23:20
169            android:name="com.pravera.flutter_foreground_task.service.RebootReceiver"
169-->[:flutter_foreground_task] AndroidManifest.xml:14:13-86
170            android:enabled="true"
170-->[:flutter_foreground_task] AndroidManifest.xml:15:13-35
171            android:exported="true" >
171-->[:flutter_foreground_task] AndroidManifest.xml:16:13-36
172            <intent-filter>
172-->[:flutter_foreground_task] AndroidManifest.xml:17:13-22:29
173                <action android:name="android.intent.action.BOOT_COMPLETED" />
173-->[:flutter_foreground_task] AndroidManifest.xml:18:17-79
173-->[:flutter_foreground_task] AndroidManifest.xml:18:25-76
174                <action android:name="android.intent.action.MY_PACKAGE_REPLACED" />
174-->[:flutter_foreground_task] AndroidManifest.xml:19:17-84
174-->[:flutter_foreground_task] AndroidManifest.xml:19:25-81
175                <!-- This is required on HTC devices to support their "quickboot" feature -->
176                <action android:name="android.intent.action.QUICKBOOT_POWERON" />
176-->[:flutter_foreground_task] AndroidManifest.xml:21:17-82
176-->[:flutter_foreground_task] AndroidManifest.xml:21:25-79
177            </intent-filter>
178        </receiver>
179        <receiver
179-->[:flutter_foreground_task] AndroidManifest.xml:24:9-27:40
180            android:name="com.pravera.flutter_foreground_task.service.RestartReceiver"
180-->[:flutter_foreground_task] AndroidManifest.xml:25:13-87
181            android:enabled="true"
181-->[:flutter_foreground_task] AndroidManifest.xml:26:13-35
182            android:exported="false" />
182-->[:flutter_foreground_task] AndroidManifest.xml:27:13-37
183        <!--
184           Declares a provider which allows us to store files to share in
185           '.../caches/share_plus' and grant the receiving action access
186        -->
187        <provider
187-->[:share_plus] AndroidManifest.xml:13:9-21:20
188            android:name="dev.fluttercommunity.plus.share.ShareFileProvider"
188-->[:share_plus] AndroidManifest.xml:14:13-77
189            android:authorities="fox.Delivery.app.flutter.share_provider"
189-->[:share_plus] AndroidManifest.xml:15:13-74
190            android:exported="false"
190-->[:share_plus] AndroidManifest.xml:16:13-37
191            android:grantUriPermissions="true" >
191-->[:share_plus] AndroidManifest.xml:17:13-47
192            <meta-data
192-->[:share_plus] AndroidManifest.xml:18:13-20:68
193                android:name="android.support.FILE_PROVIDER_PATHS"
193-->[:share_plus] AndroidManifest.xml:19:17-67
194                android:resource="@xml/flutter_share_file_paths" />
194-->[:share_plus] AndroidManifest.xml:20:17-65
195        </provider>
196        <!--
197           This manifest declared broadcast receiver allows us to use an explicit
198           Intent when creating a PendingItent to be informed of the user's choice
199        -->
200        <receiver
200-->[:share_plus] AndroidManifest.xml:26:9-32:20
201            android:name="dev.fluttercommunity.plus.share.SharePlusPendingIntent"
201-->[:share_plus] AndroidManifest.xml:27:13-82
202            android:exported="false" >
202-->[:share_plus] AndroidManifest.xml:28:13-37
203            <intent-filter>
203-->[:share_plus] AndroidManifest.xml:29:13-31:29
204                <action android:name="EXTRA_CHOSEN_COMPONENT" />
204-->[:share_plus] AndroidManifest.xml:30:17-65
204-->[:share_plus] AndroidManifest.xml:30:25-62
205            </intent-filter>
206        </receiver>
207
208        <service
208-->[:geolocator_android] AndroidManifest.xml:8:9-12:56
209            android:name="com.baseflow.geolocator.GeolocatorLocationService"
209-->[:geolocator_android] AndroidManifest.xml:9:13-77
210            android:enabled="true"
210-->[:geolocator_android] AndroidManifest.xml:10:13-35
211            android:exported="false"
211-->[:geolocator_android] AndroidManifest.xml:11:13-37
212            android:foregroundServiceType="location" />
212-->[:geolocator_android] AndroidManifest.xml:12:13-53
213
214        <provider
214-->[:image_picker_android] AndroidManifest.xml:9:9-17:20
215            android:name="io.flutter.plugins.imagepicker.ImagePickerFileProvider"
215-->[:image_picker_android] AndroidManifest.xml:10:13-82
216            android:authorities="fox.Delivery.app.flutter.image_provider"
216-->[:image_picker_android] AndroidManifest.xml:11:13-74
217            android:exported="false"
217-->[:image_picker_android] AndroidManifest.xml:12:13-37
218            android:grantUriPermissions="true" >
218-->[:image_picker_android] AndroidManifest.xml:13:13-47
219            <meta-data
219-->[:share_plus] AndroidManifest.xml:18:13-20:68
220                android:name="android.support.FILE_PROVIDER_PATHS"
220-->[:share_plus] AndroidManifest.xml:19:17-67
221                android:resource="@xml/flutter_image_picker_file_paths" />
221-->[:share_plus] AndroidManifest.xml:20:17-65
222        </provider> <!-- Trigger Google Play services to install the backported photo picker module. -->
223        <service
223-->[:image_picker_android] AndroidManifest.xml:19:9-31:19
224            android:name="com.google.android.gms.metadata.ModuleDependencies"
224-->[:image_picker_android] AndroidManifest.xml:20:13-78
225            android:enabled="false"
225-->[:image_picker_android] AndroidManifest.xml:21:13-36
226            android:exported="false" >
226-->[:image_picker_android] AndroidManifest.xml:22:13-37
227            <intent-filter>
227-->[:image_picker_android] AndroidManifest.xml:24:13-26:29
228                <action android:name="com.google.android.gms.metadata.MODULE_DEPENDENCIES" />
228-->[:image_picker_android] AndroidManifest.xml:25:17-94
228-->[:image_picker_android] AndroidManifest.xml:25:25-91
229            </intent-filter>
230
231            <meta-data
231-->[:image_picker_android] AndroidManifest.xml:28:13-30:36
232                android:name="photopicker_activity:0:required"
232-->[:image_picker_android] AndroidManifest.xml:29:17-63
233                android:value="" />
233-->[:image_picker_android] AndroidManifest.xml:30:17-33
234        </service>
235
236        <activity
236-->[:url_launcher_android] AndroidManifest.xml:8:9-11:74
237            android:name="io.flutter.plugins.urllauncher.WebViewActivity"
237-->[:url_launcher_android] AndroidManifest.xml:9:13-74
238            android:exported="false"
238-->[:url_launcher_android] AndroidManifest.xml:10:13-37
239            android:theme="@android:style/Theme.NoTitleBar.Fullscreen" />
239-->[:url_launcher_android] AndroidManifest.xml:11:13-71
240
241        <service
241-->[:firebase_auth] AndroidManifest.xml:8:9-12:19
242            android:name="com.google.firebase.components.ComponentDiscoveryService"
242-->[:firebase_auth] AndroidManifest.xml:8:18-89
243            android:directBootAware="true"
243-->[com.google.firebase:firebase-common:22.0.1] AndroidManifest.xml:32:13-43
244            android:exported="false" >
244-->[com.google.firebase:firebase-auth:24.0.1] AndroidManifest.xml:68:13-37
245            <meta-data
245-->[:firebase_auth] AndroidManifest.xml:9:13-11:85
246                android:name="com.google.firebase.components:io.flutter.plugins.firebase.auth.FlutterFirebaseAuthRegistrar"
246-->[:firebase_auth] AndroidManifest.xml:10:17-124
247                android:value="com.google.firebase.components.ComponentRegistrar" />
247-->[:firebase_auth] AndroidManifest.xml:11:17-82
248            <meta-data
248-->[:firebase_messaging] AndroidManifest.xml:36:13-38:85
249                android:name="com.google.firebase.components:io.flutter.plugins.firebase.messaging.FlutterFirebaseAppRegistrar"
249-->[:firebase_messaging] AndroidManifest.xml:37:17-128
250                android:value="com.google.firebase.components.ComponentRegistrar" />
250-->[:firebase_messaging] AndroidManifest.xml:38:17-82
251            <meta-data
251-->[:firebase_core] AndroidManifest.xml:9:13-11:85
252                android:name="com.google.firebase.components:io.flutter.plugins.firebase.core.FlutterFirebaseCoreRegistrar"
252-->[:firebase_core] AndroidManifest.xml:10:17-124
253                android:value="com.google.firebase.components.ComponentRegistrar" />
253-->[:firebase_core] AndroidManifest.xml:11:17-82
254            <meta-data
254-->[com.google.firebase:firebase-auth:24.0.1] AndroidManifest.xml:69:13-71:85
255                android:name="com.google.firebase.components:com.google.firebase.auth.FirebaseAuthRegistrar"
255-->[com.google.firebase:firebase-auth:24.0.1] AndroidManifest.xml:70:17-109
256                android:value="com.google.firebase.components.ComponentRegistrar" />
256-->[com.google.firebase:firebase-auth:24.0.1] AndroidManifest.xml:71:17-82
257            <meta-data
257-->[com.google.firebase:firebase-messaging:25.0.1] AndroidManifest.xml:57:13-59:85
258                android:name="com.google.firebase.components:com.google.firebase.messaging.FirebaseMessagingKtxRegistrar"
258-->[com.google.firebase:firebase-messaging:25.0.1] AndroidManifest.xml:58:17-122
259                android:value="com.google.firebase.components.ComponentRegistrar" />
259-->[com.google.firebase:firebase-messaging:25.0.1] AndroidManifest.xml:59:17-82
260            <meta-data
260-->[com.google.firebase:firebase-messaging:25.0.1] AndroidManifest.xml:60:13-62:85
261                android:name="com.google.firebase.components:com.google.firebase.messaging.FirebaseMessagingRegistrar"
261-->[com.google.firebase:firebase-messaging:25.0.1] AndroidManifest.xml:61:17-119
262                android:value="com.google.firebase.components.ComponentRegistrar" />
262-->[com.google.firebase:firebase-messaging:25.0.1] AndroidManifest.xml:62:17-82
263            <meta-data
263-->[com.google.firebase:firebase-installations:19.0.1] AndroidManifest.xml:15:13-17:85
264                android:name="com.google.firebase.components:com.google.firebase.installations.FirebaseInstallationsKtxRegistrar"
264-->[com.google.firebase:firebase-installations:19.0.1] AndroidManifest.xml:16:17-130
265                android:value="com.google.firebase.components.ComponentRegistrar" />
265-->[com.google.firebase:firebase-installations:19.0.1] AndroidManifest.xml:17:17-82
266            <meta-data
266-->[com.google.firebase:firebase-installations:19.0.1] AndroidManifest.xml:18:13-20:85
267                android:name="com.google.firebase.components:com.google.firebase.installations.FirebaseInstallationsRegistrar"
267-->[com.google.firebase:firebase-installations:19.0.1] AndroidManifest.xml:19:17-127
268                android:value="com.google.firebase.components.ComponentRegistrar" />
268-->[com.google.firebase:firebase-installations:19.0.1] AndroidManifest.xml:20:17-82
269            <meta-data
269-->[com.google.firebase:firebase-common:22.0.1] AndroidManifest.xml:35:13-37:85
270                android:name="com.google.firebase.components:com.google.firebase.FirebaseCommonKtxRegistrar"
270-->[com.google.firebase:firebase-common:22.0.1] AndroidManifest.xml:36:17-109
271                android:value="com.google.firebase.components.ComponentRegistrar" />
271-->[com.google.firebase:firebase-common:22.0.1] AndroidManifest.xml:37:17-82
272            <meta-data
272-->[com.google.firebase:firebase-datatransport:18.2.0] AndroidManifest.xml:25:13-27:85
273                android:name="com.google.firebase.components:com.google.firebase.datatransport.TransportRegistrar"
273-->[com.google.firebase:firebase-datatransport:18.2.0] AndroidManifest.xml:26:17-115
274                android:value="com.google.firebase.components.ComponentRegistrar" />
274-->[com.google.firebase:firebase-datatransport:18.2.0] AndroidManifest.xml:27:17-82
275        </service>
276        <service
276-->[:firebase_messaging] AndroidManifest.xml:14:9-17:72
277            android:name="io.flutter.plugins.firebase.messaging.FlutterFirebaseMessagingBackgroundService"
277-->[:firebase_messaging] AndroidManifest.xml:15:13-107
278            android:exported="false"
278-->[:firebase_messaging] AndroidManifest.xml:16:13-37
279            android:permission="android.permission.BIND_JOB_SERVICE" />
279-->[:firebase_messaging] AndroidManifest.xml:17:13-69
280        <service
280-->[:firebase_messaging] AndroidManifest.xml:18:9-24:19
281            android:name="io.flutter.plugins.firebase.messaging.FlutterFirebaseMessagingService"
281-->[:firebase_messaging] AndroidManifest.xml:19:13-97
282            android:exported="false" >
282-->[:firebase_messaging] AndroidManifest.xml:20:13-37
283            <intent-filter>
283-->[:firebase_messaging] AndroidManifest.xml:21:13-23:29
284                <action android:name="com.google.firebase.MESSAGING_EVENT" />
284-->[:firebase_messaging] AndroidManifest.xml:22:17-78
284-->[:firebase_messaging] AndroidManifest.xml:22:25-75
285            </intent-filter>
286        </service>
287
288        <receiver
288-->[:firebase_messaging] AndroidManifest.xml:26:9-33:20
289            android:name="io.flutter.plugins.firebase.messaging.FlutterFirebaseMessagingReceiver"
289-->[:firebase_messaging] AndroidManifest.xml:27:13-98
290            android:exported="true"
290-->[:firebase_messaging] AndroidManifest.xml:28:13-36
291            android:permission="com.google.android.c2dm.permission.SEND" >
291-->[:firebase_messaging] AndroidManifest.xml:29:13-73
292            <intent-filter>
292-->[:firebase_messaging] AndroidManifest.xml:30:13-32:29
293                <action android:name="com.google.android.c2dm.intent.RECEIVE" />
293-->[:firebase_messaging] AndroidManifest.xml:31:17-81
293-->[:firebase_messaging] AndroidManifest.xml:31:25-78
294            </intent-filter>
295        </receiver>
296
297        <provider
297-->[:firebase_messaging] AndroidManifest.xml:41:9-45:38
298            android:name="io.flutter.plugins.firebase.messaging.FlutterFirebaseMessagingInitProvider"
298-->[:firebase_messaging] AndroidManifest.xml:42:13-102
299            android:authorities="fox.Delivery.app.flutterfirebasemessaginginitprovider"
299-->[:firebase_messaging] AndroidManifest.xml:43:13-88
300            android:exported="false"
300-->[:firebase_messaging] AndroidManifest.xml:44:13-37
301            android:initOrder="99" />
301-->[:firebase_messaging] AndroidManifest.xml:45:13-35
302
303        <activity
303-->[:flutter_inappwebview_android] AndroidManifest.xml:14:9-18:47
304            android:name="com.pichillilorenzo.flutter_inappwebview_android.in_app_browser.InAppBrowserActivity"
304-->[:flutter_inappwebview_android] AndroidManifest.xml:15:13-112
305            android:configChanges="orientation|keyboardHidden|keyboard|screenSize|locale|layoutDirection|fontScale|screenLayout|density"
305-->[:flutter_inappwebview_android] AndroidManifest.xml:16:13-137
306            android:exported="false"
306-->[:flutter_inappwebview_android] AndroidManifest.xml:17:13-37
307            android:theme="@style/AppTheme" />
307-->[:flutter_inappwebview_android] AndroidManifest.xml:18:13-44
308        <activity
308-->[:flutter_inappwebview_android] AndroidManifest.xml:19:9-22:55
309            android:name="com.pichillilorenzo.flutter_inappwebview_android.chrome_custom_tabs.ChromeCustomTabsActivity"
309-->[:flutter_inappwebview_android] AndroidManifest.xml:20:13-120
310            android:exported="false"
310-->[:flutter_inappwebview_android] AndroidManifest.xml:21:13-37
311            android:theme="@style/ThemeTransparent" />
311-->[:flutter_inappwebview_android] AndroidManifest.xml:22:13-52
312        <activity
312-->[:flutter_inappwebview_android] AndroidManifest.xml:23:9-26:55
313            android:name="com.pichillilorenzo.flutter_inappwebview_android.chrome_custom_tabs.TrustedWebActivity"
313-->[:flutter_inappwebview_android] AndroidManifest.xml:24:13-114
314            android:exported="false"
314-->[:flutter_inappwebview_android] AndroidManifest.xml:25:13-37
315            android:theme="@style/ThemeTransparent" />
315-->[:flutter_inappwebview_android] AndroidManifest.xml:26:13-52
316        <activity
316-->[:flutter_inappwebview_android] AndroidManifest.xml:27:9-31:55
317            android:name="com.pichillilorenzo.flutter_inappwebview_android.chrome_custom_tabs.ChromeCustomTabsActivitySingleInstance"
317-->[:flutter_inappwebview_android] AndroidManifest.xml:28:13-134
318            android:exported="false"
318-->[:flutter_inappwebview_android] AndroidManifest.xml:29:13-37
319            android:launchMode="singleInstance"
319-->[:flutter_inappwebview_android] AndroidManifest.xml:30:13-48
320            android:theme="@style/ThemeTransparent" />
320-->[:flutter_inappwebview_android] AndroidManifest.xml:31:13-52
321        <activity
321-->[:flutter_inappwebview_android] AndroidManifest.xml:32:9-36:55
322            android:name="com.pichillilorenzo.flutter_inappwebview_android.chrome_custom_tabs.TrustedWebActivitySingleInstance"
322-->[:flutter_inappwebview_android] AndroidManifest.xml:33:13-128
323            android:exported="false"
323-->[:flutter_inappwebview_android] AndroidManifest.xml:34:13-37
324            android:launchMode="singleInstance"
324-->[:flutter_inappwebview_android] AndroidManifest.xml:35:13-48
325            android:theme="@style/ThemeTransparent" />
325-->[:flutter_inappwebview_android] AndroidManifest.xml:36:13-52
326
327        <receiver
327-->[:flutter_inappwebview_android] AndroidManifest.xml:38:9-41:40
328            android:name="com.pichillilorenzo.flutter_inappwebview_android.chrome_custom_tabs.ActionBroadcastReceiver"
328-->[:flutter_inappwebview_android] AndroidManifest.xml:39:13-119
329            android:enabled="true"
329-->[:flutter_inappwebview_android] AndroidManifest.xml:40:13-35
330            android:exported="false" />
330-->[:flutter_inappwebview_android] AndroidManifest.xml:41:13-37
331
332        <meta-data
332-->[:flutter_inappwebview_android] AndroidManifest.xml:43:9-45:36